<?xml version="1.0" encoding="UTF-8"?>
<!-- Generated by org.testng.reporters.JUnitReportReporter -->
<testsuite skipped="0" hostname="shpc-021" name="com.demo.day13.TestDemo" tests="1" failures="0" timestamp="30 四月 2019 04:02:51 GMT" time="0.009" errors="0">
  <testcase name="testDemo" time="0.009" classname="com.demo.day13.TestDemo"/>
</testsuite> <!-- com.demo.day13.TestDemo -->
